<?xml version="1.0" encoding="UTF-8"?>
<!-- Generated by org.testng.reporters.JUnitXMLReporter -->
<testsuite ignored="4" hostname="PiyushRaj-PC" failures="2" tests="20" name="Surefire test" time="55.189" errors="0" timestamp="2025-02-19T17:47:10 IST">
  <testcase classname="com.tvs.pgm.threew.mobile.tests.LoginTest" name="testTextField" time="0.908"/>
  <testcase classname="com.tvs.pgm.threew.mobile.tests.LoginTest" name="wrongMobileNumber" time="2.256"/>
  <testcase classname="com.tvs.pgm.threew.mobile.tests.LoginTest" name="enterMob" time="1.586"/>
  <testcase classname="com.tvs.pgm.threew.mobile.tests.LoginTest" name="clickVerifyNumberButton" time="1.193"/>
  <testcase classname="com.tvs.pgm.threew.mobile.tests.OTPTest" name="VerifyWithlessThanFiveDigit" time="2.182">
    <failure type="org.openqa.selenium.StaleElementReferenceException" message="The element &amp;apos;By.xpath: //android.widget.EditText&amp;apos; is not linked to the same object in DOM anymore
For documentation on this error, please visit: https://www.selenium.dev/documentation/webdriver/troubleshooting/errors#stale-element-reference-exception
Build info: version: &amp;apos;4.16.1&amp;apos;, revision: &amp;apos;9b4c83354e&amp;apos;
System info: os.name: &amp;apos;Windows 11&amp;apos;, os.arch: &amp;apos;amd64&amp;apos;, os.version: &amp;apos;10.0&amp;apos;, java.version: &amp;apos;23.0.2&amp;apos;
Driver info: io.appium.java_client.android.AndroidDriver
Command: [c72b2745-a6c2-41d9-9297-b41db86a62af, clickElement {id=00000000-0000-02d1-0000-000e00000004}]
Capabilities {appium:appActivity: com.tvs_pgm.tvs.MainActivity, appium:appPackage: com.tvs.tvs_pgm_dev, appium:automationName: UIAutomator2, appium:databaseEnabled: false, appium:desired: {appActivity: com.tvs_pgm.tvs.MainActivity, appPackage: com.tvs.tvs_pgm_dev, automationName: UIAutomator2, deviceName: 1a16b9720403, dontStopAppOnReset: true, noReset: true, platformName: ANDROID}, appium:deviceApiLevel: 31, appium:deviceManufacturer: Xiaomi, appium:deviceModel: M2003J15SC, appium:deviceName: 1a16b9720403, appium:deviceScreenDensity: 440, appium:deviceScreenSize: 1080x2340, appium:deviceUDID: 1a16b9720403, appium:dontStopAppOnReset: true, appium:javascriptEnabled: true, appium:locationContextEnabled: false, appium:networkConnectionEnabled: true, appium:noReset: true, appium:pixelRatio: 2.75, appium:platformVersion: 12, appium:statBarHeight: 100, appium:takesScreenshot: true, appium:viewportRect: {height: 2240, left: 0, top: 100, width: 1080}, appium:warnings: {}, appium:webStorageEnabled: false, platformName: ANDROID}
Element: [[AndroidDriver:  on ANDROID (c72b2745-a6c2-41d9-9297-b41db86a62af)] -&amp;gt; xpath: //android.widget.EditText]
Session ID: c72b2745-a6c2-41d9-9297-b41db86a62af">
      <![CDATA[org.openqa.selenium.StaleElementReferenceException: The element 'By.xpath: //android.widget.EditText' is not linked to the same object in DOM anymore
For documentation on this error, please visit: https://www.selenium.dev/documentation/webdriver/troubleshooting/errors#stale-element-reference-exception
Build info: version: '4.16.1', revision: '9b4c83354e'
System info: os.name: 'Windows 11', os.arch: 'amd64', os.version: '10.0', java.version: '23.0.2'
Driver info: io.appium.java_client.android.AndroidDriver
Command: [c72b2745-a6c2-41d9-9297-b41db86a62af, clickElement {id=00000000-0000-02d1-0000-000e00000004}]
Capabilities {appium:appActivity: com.tvs_pgm.tvs.MainActivity, appium:appPackage: com.tvs.tvs_pgm_dev, appium:automationName: UIAutomator2, appium:databaseEnabled: false, appium:desired: {appActivity: com.tvs_pgm.tvs.MainActivity, appPackage: com.tvs.tvs_pgm_dev, automationName: UIAutomator2, deviceName: 1a16b9720403, dontStopAppOnReset: true, noReset: true, platformName: ANDROID}, appium:deviceApiLevel: 31, appium:deviceManufacturer: Xiaomi, appium:deviceModel: M2003J15SC, appium:deviceName: 1a16b9720403, appium:deviceScreenDensity: 440, appium:deviceScreenSize: 1080x2340, appium:deviceUDID: 1a16b9720403, appium:dontStopAppOnReset: true, appium:javascriptEnabled: true, appium:locationContextEnabled: false, appium:networkConnectionEnabled: true, appium:noReset: true, appium:pixelRatio: 2.75, appium:platformVersion: 12, appium:statBarHeight: 100, appium:takesScreenshot: true, appium:viewportRect: {height: 2240, left: 0, top: 100, width: 1080}, appium:warnings: {}, appium:webStorageEnabled: false, platformName: ANDROID}
Element: [[AndroidDriver:  on ANDROID (c72b2745-a6c2-41d9-9297-b41db86a62af)] -> xpath: //android.widget.EditText]
Session ID: c72b2745-a6c2-41d9-9297-b41db86a62af
at org.openqa.selenium.remote.codec.w3c.W3CHttpResponseCodec.createException(W3CHttpResponseCodec.java:200)
at org.openqa.selenium.remote.codec.w3c.W3CHttpResponseCodec.decode(W3CHttpResponseCodec.java:133)
at org.openqa.selenium.remote.codec.w3c.W3CHttpResponseCodec.decode(W3CHttpResponseCodec.java:52)
at org.openqa.selenium.remote.HttpCommandExecutor.execute(HttpCommandExecutor.java:191)
at io.appium.java_client.remote.AppiumCommandExecutor.execute(AppiumCommandExecutor.java:238)
at org.openqa.selenium.remote.RemoteWebDriver.execute(RemoteWebDriver.java:523)
at org.openqa.selenium.remote.RemoteWebElement.execute(RemoteWebElement.java:224)
at org.openqa.selenium.remote.RemoteWebElement.click(RemoteWebElement.java:77)
at io.appium.java_client.pagefactory.ElementInterceptor.getObject(ElementInterceptor.java:42)
at io.appium.java_client.pagefactory.interceptors.InterceptorOfASingleElement.call(InterceptorOfASingleElement.java:65)
at io.appium.java_client.proxy.Interceptor.intercept(Interceptor.java:77)
at org.openqa.selenium.remote.RemoteWebElement$ByteBuddy$22476Pqu.click(Unknown Source)
at com.tvs.pgm.threew.mobile.pages.OtpPage.clickOnOTPBox(OtpPage.java:36)
at com.tvs.pgm.threew.mobile.tests.OTPTest.VerifyWithlessThanFiveDigit(OTPTest.java:22)
at java.base/java.util.ArrayList.forEach(ArrayList.java:1597)
... Removed 35 stack frames]]>
    </failure>
  </testcase> <!-- VerifyWithlessThanFiveDigit -->
  <testcase classname="com.tvs.pgm.threew.mobile.tests.OTPTest" name="verifyOTPEnteredSuccess" time="2.371"/>
  <testcase classname="com.tvs.pgm.threew.mobile.tests.OTPTest" name="VerifyOTPSubmitSuccess" time="0.987"/>
  <testcase classname="com.tvs.pgm.threew.mobile.tests.P_HomeTest" name="settingIconpresent" time="2.34"/>
  <testcase classname="com.tvs.pgm.threew.mobile.tests.P_HomeTest" name="profileIconePresent" time="1.763"/>
  <testcase classname="com.tvs.pgm.threew.mobile.tests.P_HomeTest" name="verifyNeedAnyHelpTileVisible" time="0.387"/>
  <testcase classname="com.tvs.pgm.threew.mobile.tests.P_HomeTest" name="verifyFindDealerTileVisible" time="0.378"/>
  <testcase classname="com.tvs.pgm.threew.mobile.tests.P_HomeTest" name="verifyVehicleServicesTileVisible" time="0.26"/>
  <testcase classname="com.tvs.pgm.threew.mobile.tests.P_HomeTest" name="verifyTrainingTileVisible" time="0.216"/>
  <testcase classname="com.tvs.pgm.threew.mobile.tests.P_HomeTest" name="verifyReferralTileVisible" time="0.211"/>
  <testcase classname="com.tvs.pgm.threew.mobile.tests.P_HomeTest" name="verifyHelpButtonClickable" time="3.293"/>
  <testcase classname="com.tvs.pgm.threew.mobile.tests.Q_SupportListingTest" name="verifyCreateQueryButtonClicksON_SupportListingScreen" time="1.209"/>
  <testcase classname="com.tvs.pgm.threew.mobile.tests.SupportTest" name="verifyBackArrowVisibleOnSupportScreeen" time="0.173"/>
  <testcase classname="com.tvs.pgm.threew.mobile.tests.SupportTest" name="verifyErrorMesage_Without_TitleAndDescritpion" time="2.501"/>
  <testcase classname="com.tvs.pgm.threew.mobile.tests.SupportTest" name="verifyErrorMessage_without_Category_Description" time="4.077">
    <failure type="java.lang.AssertionError" message="expected [Please select category] but found []">
      <![CDATA[java.lang.AssertionError: expected [Please select category] but found []
at com.tvs.pgm.threew.mobile.tests.SupportTest.verifyErrorMessage_without_Category_Description(SupportTest.java:34)
at java.base/java.util.ArrayList.forEach(ArrayList.java:1597)
... Removed 36 stack frames]]>
    </failure>
  </testcase> <!-- verifyErrorMessage_without_Category_Description -->
  <testcase classname="com.tvs.pgm.threew.mobile.tests.SupportTest" name="verifyQueryCreatedSuccessfully" time="10.644"/>
  <testcase classname="com.tvs.pgm.threew.mobile.tests.BaseTest" name="@AfterSuite tearDown" time="0.0">
    <ignored/>
  </testcase> <!-- @AfterSuite tearDown -->
  <testcase classname="com.tvs.pgm.threew.mobile.tests.BaseTest" name="@AfterSuite tearDown" time="0.0">
    <ignored/>
  </testcase> <!-- @AfterSuite tearDown -->
  <testcase classname="com.tvs.pgm.threew.mobile.tests.BaseTest" name="@AfterSuite tearDown" time="0.0">
    <ignored/>
  </testcase> <!-- @AfterSuite tearDown -->
  <testcase classname="com.tvs.pgm.threew.mobile.tests.BaseTest" name="@AfterSuite tearDown" time="0.0">
    <ignored/>
  </testcase> <!-- @AfterSuite tearDown -->
</testsuite> <!-- Surefire test -->
