<?xml version="1.0" encoding="UTF-8"?>
<testng-results ignored="0" total="19" passed="17" failed="2" skipped="0">
  <reporter-output>
  </reporter-output>
  <suite started-at="2025-02-19T13:47:31 IST" name="Surefire suite" finished-at="2025-02-19T13:48:20 IST" duration-ms="48978">
    <groups>
    </groups>
    <test started-at="2025-02-19T13:47:31 IST" name="Surefire test" finished-at="2025-02-19T13:48:20 IST" duration-ms="48978">
      <class name="com.tvs.pgm.threew.mobile.tests.LoginTest">
        <test-method is-config="true" signature="setup()[pri:0, instance:com.tvs.pgm.threew.mobile.tests.LoginTest@49b0b76]" started-at="2025-02-19T13:47:32 IST" name="setup" finished-at="2025-02-19T13:47:33 IST" duration-ms="1076" status="PASS">
          <reporter-output>
          </reporter-output>
        </test-method> <!-- setup -->
        <test-method is-config="true" signature="startTest(java.lang.reflect.Method)[pri:0, instance:com.tvs.pgm.threew.mobile.tests.LoginTest@49b0b76]" started-at="2025-02-19T13:47:33 IST" name="startTest" finished-at="2025-02-19T13:47:33 IST" duration-ms="13" status="PASS">
          <params>
            <param index="0">
              <value>
                <![CDATA[public void com.tvs.pgm.threew.mobile.tests.LoginTest.testTextField()]]>
              </value>
            </param>
          </params>
          <reporter-output>
          </reporter-output>
        </test-method> <!-- startTest -->
        <test-method signature="testTextField()[pri:1, instance:com.tvs.pgm.threew.mobile.tests.LoginTest@49b0b76]" started-at="2025-02-19T13:47:33 IST" name="testTextField" finished-at="2025-02-19T13:47:33 IST" duration-ms="605" status="PASS">
          <reporter-output>
          </reporter-output>
        </test-method> <!-- testTextField -->
        <test-method is-config="true" signature="captureResult(org.testng.ITestResult)[pri:0, instance:com.tvs.pgm.threew.mobile.tests.LoginTest@49b0b76]" started-at="2025-02-19T13:47:33 IST" name="captureResult" finished-at="2025-02-19T13:47:34 IST" duration-ms="588" status="PASS">
          <params>
            <param index="0">
              <value>
                <![CDATA[[TestResult name=testTextField status=SUCCESS method=LoginTest.testTextField()[pri:1, instance:com.tvs.pgm.threew.mobile.tests.LoginTest@49b0b76] output={null}]]]>
              </value>
            </param>
          </params>
          <reporter-output>
          </reporter-output>
        </test-method> <!-- captureResult -->
        <test-method signature="wrongMobileNumber()[pri:2, instance:com.tvs.pgm.threew.mobile.tests.LoginTest@49b0b76]" started-at="2025-02-19T13:47:34 IST" name="wrongMobileNumber" finished-at="2025-02-19T13:47:36 IST" duration-ms="2068" status="PASS">
          <reporter-output>
          </reporter-output>
        </test-method> <!-- wrongMobileNumber -->
        <test-method is-config="true" signature="startTest(java.lang.reflect.Method)[pri:0, instance:com.tvs.pgm.threew.mobile.tests.LoginTest@49b0b76]" started-at="2025-02-19T13:47:34 IST" name="startTest" finished-at="2025-02-19T13:47:34 IST" duration-ms="0" status="PASS">
          <params>
            <param index="0">
              <value>
                <![CDATA[public void com.tvs.pgm.threew.mobile.tests.LoginTest.wrongMobileNumber()]]>
              </value>
            </param>
          </params>
          <reporter-output>
          </reporter-output>
        </test-method> <!-- startTest -->
        <test-method is-config="true" signature="captureResult(org.testng.ITestResult)[pri:0, instance:com.tvs.pgm.threew.mobile.tests.LoginTest@49b0b76]" started-at="2025-02-19T13:47:36 IST" name="captureResult" finished-at="2025-02-19T13:47:36 IST" duration-ms="590" status="PASS">
          <params>
            <param index="0">
              <value>
                <![CDATA[[TestResult name=wrongMobileNumber status=SUCCESS method=LoginTest.wrongMobileNumber()[pri:2, instance:com.tvs.pgm.threew.mobile.tests.LoginTest@49b0b76] output={null}]]]>
              </value>
            </param>
          </params>
          <reporter-output>
          </reporter-output>
        </test-method> <!-- captureResult -->
        <test-method is-config="true" signature="startTest(java.lang.reflect.Method)[pri:0, instance:com.tvs.pgm.threew.mobile.tests.LoginTest@49b0b76]" started-at="2025-02-19T13:47:36 IST" name="startTest" finished-at="2025-02-19T13:47:36 IST" duration-ms="1" status="PASS">
          <params>
            <param index="0">
              <value>
                <![CDATA[public void com.tvs.pgm.threew.mobile.tests.LoginTest.enterMob()]]>
              </value>
            </param>
          </params>
          <reporter-output>
          </reporter-output>
        </test-method> <!-- startTest -->
        <test-method signature="enterMob()[pri:3, instance:com.tvs.pgm.threew.mobile.tests.LoginTest@49b0b76]" started-at="2025-02-19T13:47:36 IST" name="enterMob" finished-at="2025-02-19T13:47:39 IST" duration-ms="2073" status="PASS">
          <reporter-output>
          </reporter-output>
        </test-method> <!-- enterMob -->
        <test-method is-config="true" signature="captureResult(org.testng.ITestResult)[pri:0, instance:com.tvs.pgm.threew.mobile.tests.LoginTest@49b0b76]" started-at="2025-02-19T13:47:39 IST" name="captureResult" finished-at="2025-02-19T13:47:39 IST" duration-ms="662" status="PASS">
          <params>
            <param index="0">
              <value>
                <![CDATA[[TestResult name=enterMob status=SUCCESS method=LoginTest.enterMob()[pri:3, instance:com.tvs.pgm.threew.mobile.tests.LoginTest@49b0b76] output={null}]]]>
              </value>
            </param>
          </params>
          <reporter-output>
          </reporter-output>
        </test-method> <!-- captureResult -->
        <test-method is-config="true" signature="startTest(java.lang.reflect.Method)[pri:0, instance:com.tvs.pgm.threew.mobile.tests.LoginTest@49b0b76]" started-at="2025-02-19T13:47:39 IST" name="startTest" finished-at="2025-02-19T13:47:39 IST" duration-ms="1" status="PASS">
          <params>
            <param index="0">
              <value>
                <![CDATA[public void com.tvs.pgm.threew.mobile.tests.LoginTest.clickVerifyNumberButton()]]>
              </value>
            </param>
          </params>
          <reporter-output>
          </reporter-output>
        </test-method> <!-- startTest -->
        <test-method signature="clickVerifyNumberButton()[pri:4, instance:com.tvs.pgm.threew.mobile.tests.LoginTest@49b0b76]" started-at="2025-02-19T13:47:39 IST" name="clickVerifyNumberButton" finished-at="2025-02-19T13:47:40 IST" duration-ms="1178" status="PASS">
          <reporter-output>
          </reporter-output>
        </test-method> <!-- clickVerifyNumberButton -->
        <test-method is-config="true" signature="captureResult(org.testng.ITestResult)[pri:0, instance:com.tvs.pgm.threew.mobile.tests.LoginTest@49b0b76]" started-at="2025-02-19T13:47:40 IST" name="captureResult" finished-at="2025-02-19T13:47:41 IST" duration-ms="609" status="PASS">
          <params>
            <param index="0">
              <value>
                <![CDATA[[TestResult name=clickVerifyNumberButton status=SUCCESS method=LoginTest.clickVerifyNumberButton()[pri:4, instance:com.tvs.pgm.threew.mobile.tests.LoginTest@49b0b76] output={null}]]]>
              </value>
            </param>
          </params>
          <reporter-output>
          </reporter-output>
        </test-method> <!-- captureResult -->
      </class> <!-- com.tvs.pgm.threew.mobile.tests.LoginTest -->
      <class name="com.tvs.pgm.threew.mobile.tests.OTPTest">
        <test-method is-config="true" signature="setup()[pri:0, instance:com.tvs.pgm.threew.mobile.tests.OTPTest@769f71a9]" started-at="2025-02-19T13:47:41 IST" name="setup" finished-at="2025-02-19T13:47:42 IST" duration-ms="811" status="PASS">
          <reporter-output>
          </reporter-output>
        </test-method> <!-- setup -->
        <test-method signature="VerifyWithlessThanFiveDigit()[pri:5, instance:com.tvs.pgm.threew.mobile.tests.OTPTest@769f71a9]" started-at="2025-02-19T13:47:42 IST" name="VerifyWithlessThanFiveDigit" finished-at="2025-02-19T13:47:49 IST" duration-ms="7023" status="PASS">
          <reporter-output>
          </reporter-output>
        </test-method> <!-- VerifyWithlessThanFiveDigit -->
        <test-method is-config="true" signature="startTest(java.lang.reflect.Method)[pri:0, instance:com.tvs.pgm.threew.mobile.tests.OTPTest@769f71a9]" started-at="2025-02-19T13:47:42 IST" name="startTest" finished-at="2025-02-19T13:47:42 IST" duration-ms="0" status="PASS">
          <params>
            <param index="0">
              <value>
                <![CDATA[public void com.tvs.pgm.threew.mobile.tests.OTPTest.VerifyWithlessThanFiveDigit()]]>
              </value>
            </param>
          </params>
          <reporter-output>
          </reporter-output>
        </test-method> <!-- startTest -->
        <test-method is-config="true" signature="captureResult(org.testng.ITestResult)[pri:0, instance:com.tvs.pgm.threew.mobile.tests.OTPTest@769f71a9]" started-at="2025-02-19T13:47:49 IST" name="captureResult" finished-at="2025-02-19T13:47:49 IST" duration-ms="598" status="PASS">
          <params>
            <param index="0">
              <value>
                <![CDATA[[TestResult name=VerifyWithlessThanFiveDigit status=SUCCESS method=OTPTest.VerifyWithlessThanFiveDigit()[pri:5, instance:com.tvs.pgm.threew.mobile.tests.OTPTest@769f71a9] output={null}]]]>
              </value>
            </param>
          </params>
          <reporter-output>
          </reporter-output>
        </test-method> <!-- captureResult -->
        <test-method is-config="true" signature="startTest(java.lang.reflect.Method)[pri:0, instance:com.tvs.pgm.threew.mobile.tests.OTPTest@769f71a9]" started-at="2025-02-19T13:47:49 IST" name="startTest" finished-at="2025-02-19T13:47:49 IST" duration-ms="1" status="PASS">
          <params>
            <param index="0">
              <value>
                <![CDATA[public void com.tvs.pgm.threew.mobile.tests.OTPTest.verifyOTPEnteredSuccess()]]>
              </value>
            </param>
          </params>
          <reporter-output>
          </reporter-output>
        </test-method> <!-- startTest -->
        <test-method signature="verifyOTPEnteredSuccess()[pri:6, instance:com.tvs.pgm.threew.mobile.tests.OTPTest@769f71a9]" started-at="2025-02-19T13:47:49 IST" name="verifyOTPEnteredSuccess" finished-at="2025-02-19T13:47:53 IST" duration-ms="3278" status="PASS">
          <reporter-output>
          </reporter-output>
        </test-method> <!-- verifyOTPEnteredSuccess -->
        <test-method is-config="true" signature="captureResult(org.testng.ITestResult)[pri:0, instance:com.tvs.pgm.threew.mobile.tests.OTPTest@769f71a9]" started-at="2025-02-19T13:47:53 IST" name="captureResult" finished-at="2025-02-19T13:47:53 IST" duration-ms="527" status="PASS">
          <params>
            <param index="0">
              <value>
                <![CDATA[[TestResult name=verifyOTPEnteredSuccess status=SUCCESS method=OTPTest.verifyOTPEnteredSuccess()[pri:6, instance:com.tvs.pgm.threew.mobile.tests.OTPTest@769f71a9] output={null}]]]>
              </value>
            </param>
          </params>
          <reporter-output>
          </reporter-output>
        </test-method> <!-- captureResult -->
        <test-method is-config="true" signature="startTest(java.lang.reflect.Method)[pri:0, instance:com.tvs.pgm.threew.mobile.tests.OTPTest@769f71a9]" started-at="2025-02-19T13:47:53 IST" name="startTest" finished-at="2025-02-19T13:47:53 IST" duration-ms="0" status="PASS">
          <params>
            <param index="0">
              <value>
                <![CDATA[public void com.tvs.pgm.threew.mobile.tests.OTPTest.VerifyOTPSubmitSuccess()]]>
              </value>
            </param>
          </params>
          <reporter-output>
          </reporter-output>
        </test-method> <!-- startTest -->
        <test-method signature="VerifyOTPSubmitSuccess()[pri:7, instance:com.tvs.pgm.threew.mobile.tests.OTPTest@769f71a9]" started-at="2025-02-19T13:47:53 IST" name="VerifyOTPSubmitSuccess" finished-at="2025-02-19T13:47:54 IST" duration-ms="749" status="PASS">
          <reporter-output>
          </reporter-output>
        </test-method> <!-- VerifyOTPSubmitSuccess -->
        <test-method is-config="true" signature="captureResult(org.testng.ITestResult)[pri:0, instance:com.tvs.pgm.threew.mobile.tests.OTPTest@769f71a9]" started-at="2025-02-19T13:47:54 IST" name="captureResult" finished-at="2025-02-19T13:47:55 IST" duration-ms="768" status="PASS">
          <params>
            <param index="0">
              <value>
                <![CDATA[[TestResult name=VerifyOTPSubmitSuccess status=SUCCESS method=OTPTest.VerifyOTPSubmitSuccess()[pri:7, instance:com.tvs.pgm.threew.mobile.tests.OTPTest@769f71a9] output={null}]]]>
              </value>
            </param>
          </params>
          <reporter-output>
          </reporter-output>
        </test-method> <!-- captureResult -->
      </class> <!-- com.tvs.pgm.threew.mobile.tests.OTPTest -->
      <class name="com.tvs.pgm.threew.mobile.tests.SupportTest">
        <test-method is-config="true" signature="setup()[pri:0, instance:com.tvs.pgm.threew.mobile.tests.SupportTest@3ba9ad43]" started-at="2025-02-19T13:48:11 IST" name="setup" finished-at="2025-02-19T13:48:12 IST" duration-ms="934" status="PASS">
          <reporter-output>
          </reporter-output>
        </test-method> <!-- setup -->
        <test-method signature="verifyBackArrowVisibleOnSupportScreeen()[pri:17, instance:com.tvs.pgm.threew.mobile.tests.SupportTest@3ba9ad43]" started-at="2025-02-19T13:48:12 IST" name="verifyBackArrowVisibleOnSupportScreeen" finished-at="2025-02-19T13:48:12 IST" duration-ms="159" status="PASS">
          <reporter-output>
          </reporter-output>
        </test-method> <!-- verifyBackArrowVisibleOnSupportScreeen -->
        <test-method is-config="true" signature="startTest(java.lang.reflect.Method)[pri:0, instance:com.tvs.pgm.threew.mobile.tests.SupportTest@3ba9ad43]" started-at="2025-02-19T13:48:12 IST" name="startTest" finished-at="2025-02-19T13:48:12 IST" duration-ms="0" status="PASS">
          <params>
            <param index="0">
              <value>
                <![CDATA[public void com.tvs.pgm.threew.mobile.tests.SupportTest.verifyBackArrowVisibleOnSupportScreeen()]]>
              </value>
            </param>
          </params>
          <reporter-output>
          </reporter-output>
        </test-method> <!-- startTest -->
        <test-method is-config="true" signature="captureResult(org.testng.ITestResult)[pri:0, instance:com.tvs.pgm.threew.mobile.tests.SupportTest@3ba9ad43]" started-at="2025-02-19T13:48:12 IST" name="captureResult" finished-at="2025-02-19T13:48:13 IST" duration-ms="526" status="PASS">
          <params>
            <param index="0">
              <value>
                <![CDATA[[TestResult name=verifyBackArrowVisibleOnSupportScreeen status=SUCCESS method=SupportTest.verifyBackArrowVisibleOnSupportScreeen()[pri:17, instance:com.tvs.pgm.threew.mobile.tests.SupportTest@3ba9ad43] output={null}]]]>
              </value>
            </param>
          </params>
          <reporter-output>
          </reporter-output>
        </test-method> <!-- captureResult -->
        <test-method is-config="true" signature="startTest(java.lang.reflect.Method)[pri:0, instance:com.tvs.pgm.threew.mobile.tests.SupportTest@3ba9ad43]" started-at="2025-02-19T13:48:13 IST" name="startTest" finished-at="2025-02-19T13:48:13 IST" duration-ms="0" status="PASS">
          <params>
            <param index="0">
              <value>
                <![CDATA[public void com.tvs.pgm.threew.mobile.tests.SupportTest.verifyErrorMesage_Without_TitleAndDescritpion() throws java.lang.InterruptedException]]>
              </value>
            </param>
          </params>
          <reporter-output>
          </reporter-output>
        </test-method> <!-- startTest -->
        <test-method signature="verifyErrorMesage_Without_TitleAndDescritpion()[pri:18, instance:com.tvs.pgm.threew.mobile.tests.SupportTest@3ba9ad43]" started-at="2025-02-19T13:48:13 IST" name="verifyErrorMesage_Without_TitleAndDescritpion" finished-at="2025-02-19T13:48:18 IST" duration-ms="5149" status="FAIL">
          <exception class="java.lang.AssertionError">
            <message>
              <![CDATA[expected [Please add description] but found []]]>
            </message>
            <full-stacktrace>
              <![CDATA[java.lang.AssertionError: expected [Please add description] but found []
at org.testng.Assert.fail(Assert.java:111)
at org.testng.Assert.failNotEquals(Assert.java:1578)
at org.testng.Assert.assertEqualsImpl(Assert.java:150)
at org.testng.Assert.assertEquals(Assert.java:132)
at org.testng.Assert.assertEquals(Assert.java:656)
at org.testng.Assert.assertEquals(Assert.java:666)
at com.tvs.pgm.threew.mobile.tests.SupportTest.verifyErrorMesage_Without_TitleAndDescritpion(SupportTest.java:31)
at java.base/jdk.internal.reflect.DirectMethodHandleAccessor.invoke(DirectMethodHandleAccessor.java:104)
at java.base/java.lang.reflect.Method.invoke(Method.java:578)
at org.testng.internal.invokers.MethodInvocationHelper.invokeMethod(MethodInvocationHelper.java:139)
at org.testng.internal.invokers.TestInvoker.invokeMethod(TestInvoker.java:664)
at org.testng.internal.invokers.TestInvoker.invokeTestMethod(TestInvoker.java:227)
at org.testng.internal.invokers.MethodRunner.runInSequence(MethodRunner.java:50)
at org.testng.internal.invokers.TestInvoker$MethodInvocationAgent.invoke(TestInvoker.java:957)
at org.testng.internal.invokers.TestInvoker.invokeTestMethods(TestInvoker.java:200)
at org.testng.internal.invokers.TestMethodWorker.invokeTestMethods(TestMethodWorker.java:148)
at org.testng.internal.invokers.TestMethodWorker.run(TestMethodWorker.java:128)
at java.base/java.util.ArrayList.forEach(ArrayList.java:1511)
at org.testng.TestRunner.privateRun(TestRunner.java:848)
at org.testng.TestRunner.run(TestRunner.java:621)
at org.testng.SuiteRunner.runTest(SuiteRunner.java:443)
at org.testng.SuiteRunner.runSequentially(SuiteRunner.java:437)
at org.testng.SuiteRunner.privateRun(SuiteRunner.java:397)
at org.testng.SuiteRunner.run(SuiteRunner.java:336)
at org.testng.SuiteRunnerWorker.runSuite(SuiteRunnerWorker.java:52)
at org.testng.SuiteRunnerWorker.run(SuiteRunnerWorker.java:95)
at org.testng.TestNG.runSuitesSequentially(TestNG.java:1280)
at org.testng.TestNG.runSuitesLocally(TestNG.java:1200)
at org.testng.TestNG.runSuites(TestNG.java:1114)
at org.testng.TestNG.run(TestNG.java:1082)
at org.apache.maven.surefire.testng.TestNGExecutor.run(TestNGExecutor.java:155)
at org.apache.maven.surefire.testng.TestNGDirectoryTestSuite.executeMulti(TestNGDirectoryTestSuite.java:169)
at org.apache.maven.surefire.testng.TestNGDirectoryTestSuite.execute(TestNGDirectoryTestSuite.java:88)
at org.apache.maven.surefire.testng.TestNGProvider.invoke(TestNGProvider.java:137)
at org.apache.maven.surefire.booter.ForkedBooter.runSuitesInProcess(ForkedBooter.java:385)
at org.apache.maven.surefire.booter.ForkedBooter.execute(ForkedBooter.java:162)
at org.apache.maven.surefire.booter.ForkedBooter.run(ForkedBooter.java:507)
at org.apache.maven.surefire.booter.ForkedBooter.main(ForkedBooter.java:495)
]]>
            </full-stacktrace>
          </exception> <!-- java.lang.AssertionError -->
          <reporter-output>
          </reporter-output>
        </test-method> <!-- verifyErrorMesage_Without_TitleAndDescritpion -->
        <test-method is-config="true" signature="captureResult(org.testng.ITestResult)[pri:0, instance:com.tvs.pgm.threew.mobile.tests.SupportTest@3ba9ad43]" started-at="2025-02-19T13:48:18 IST" name="captureResult" finished-at="2025-02-19T13:48:18 IST" duration-ms="554" status="PASS">
          <params>
            <param index="0">
              <value>
                <![CDATA[[TestResult name=verifyErrorMesage_Without_TitleAndDescritpion status=FAILURE method=SupportTest.verifyErrorMesage_Without_TitleAndDescritpion()[pri:18, instance:com.tvs.pgm.threew.mobile.tests.SupportTest@3ba9ad43] output={null}]]]>
              </value>
            </param>
          </params>
          <reporter-output>
          </reporter-output>
        </test-method> <!-- captureResult -->
        <test-method is-config="true" signature="startTest(java.lang.reflect.Method)[pri:0, instance:com.tvs.pgm.threew.mobile.tests.SupportTest@3ba9ad43]" started-at="2025-02-19T13:48:18 IST" name="startTest" finished-at="2025-02-19T13:48:18 IST" duration-ms="2" status="PASS">
          <params>
            <param index="0">
              <value>
                <![CDATA[public void com.tvs.pgm.threew.mobile.tests.SupportTest.verifyQueryCreatedSuccessfully() throws java.lang.InterruptedException]]>
              </value>
            </param>
          </params>
          <reporter-output>
          </reporter-output>
        </test-method> <!-- startTest -->
        <test-method signature="verifyQueryCreatedSuccessfully()[pri:20, instance:com.tvs.pgm.threew.mobile.tests.SupportTest@3ba9ad43]" started-at="2025-02-19T13:48:18 IST" name="verifyQueryCreatedSuccessfully" finished-at="2025-02-19T13:48:20 IST" duration-ms="1445" status="FAIL">
          <exception class="org.openqa.selenium.NoSuchElementException">
            <message>
              <![CDATA[Can't locate an element by this strategy: By.xpath: //android.widget.FrameLayout[@resource-id="android:id/content"]/android.widget.FrameLayout/android.widget.FrameLayout/android.view.View/android.view.View/android.view.View/android.view.View/android.view.View[2]/android.widget.EditText[1]]]>
            </message>
            <full-stacktrace>
              <![CDATA[org.openqa.selenium.NoSuchElementException: Can't locate an element by this strategy: By.xpath: //android.widget.FrameLayout[@resource-id="android:id/content"]/android.widget.FrameLayout/android.widget.FrameLayout/android.view.View/android.view.View/android.view.View/android.view.View/android.view.View[2]/android.widget.EditText[1]
at io.appium.java_client.pagefactory.AppiumElementLocator.findElement(AppiumElementLocator.java:166)
at io.appium.java_client.pagefactory.interceptors.InterceptorOfASingleElement.call(InterceptorOfASingleElement.java:64)
at io.appium.java_client.proxy.Interceptor.intercept(Interceptor.java:77)
at org.openqa.selenium.remote.RemoteWebElement$ByteBuddy$7ZSpPIqP.clear(Unknown Source)
at com.tvs.pgm.threew.mobile.pages.SupportPage.clickOnTitle(SupportPage.java:64)
at com.tvs.pgm.threew.mobile.tests.SupportTest.verifyQueryCreatedSuccessfully(SupportTest.java:45)
at java.base/jdk.internal.reflect.DirectMethodHandleAccessor.invoke(DirectMethodHandleAccessor.java:104)
at java.base/java.lang.reflect.Method.invoke(Method.java:578)
at org.testng.internal.invokers.MethodInvocationHelper.invokeMethod(MethodInvocationHelper.java:139)
at org.testng.internal.invokers.TestInvoker.invokeMethod(TestInvoker.java:664)
at org.testng.internal.invokers.TestInvoker.invokeTestMethod(TestInvoker.java:227)
at org.testng.internal.invokers.MethodRunner.runInSequence(MethodRunner.java:50)
at org.testng.internal.invokers.TestInvoker$MethodInvocationAgent.invoke(TestInvoker.java:957)
at org.testng.internal.invokers.TestInvoker.invokeTestMethods(TestInvoker.java:200)
at org.testng.internal.invokers.TestMethodWorker.invokeTestMethods(TestMethodWorker.java:148)
at org.testng.internal.invokers.TestMethodWorker.run(TestMethodWorker.java:128)
at java.base/java.util.ArrayList.forEach(ArrayList.java:1511)
at org.testng.TestRunner.privateRun(TestRunner.java:848)
at org.testng.TestRunner.run(TestRunner.java:621)
at org.testng.SuiteRunner.runTest(SuiteRunner.java:443)
at org.testng.SuiteRunner.runSequentially(SuiteRunner.java:437)
at org.testng.SuiteRunner.privateRun(SuiteRunner.java:397)
at org.testng.SuiteRunner.run(SuiteRunner.java:336)
at org.testng.SuiteRunnerWorker.runSuite(SuiteRunnerWorker.java:52)
at org.testng.SuiteRunnerWorker.run(SuiteRunnerWorker.java:95)
at org.testng.TestNG.runSuitesSequentially(TestNG.java:1280)
at org.testng.TestNG.runSuitesLocally(TestNG.java:1200)
at org.testng.TestNG.runSuites(TestNG.java:1114)
at org.testng.TestNG.run(TestNG.java:1082)
at org.apache.maven.surefire.testng.TestNGExecutor.run(TestNGExecutor.java:155)
at org.apache.maven.surefire.testng.TestNGDirectoryTestSuite.executeMulti(TestNGDirectoryTestSuite.java:169)
at org.apache.maven.surefire.testng.TestNGDirectoryTestSuite.execute(TestNGDirectoryTestSuite.java:88)
at org.apache.maven.surefire.testng.TestNGProvider.invoke(TestNGProvider.java:137)
at org.apache.maven.surefire.booter.ForkedBooter.runSuitesInProcess(ForkedBooter.java:385)
at org.apache.maven.surefire.booter.ForkedBooter.execute(ForkedBooter.java:162)
at org.apache.maven.surefire.booter.ForkedBooter.run(ForkedBooter.java:507)
at org.apache.maven.surefire.booter.ForkedBooter.main(ForkedBooter.java:495)
Caused by: org.openqa.selenium.TimeoutException: Expected condition failed: waiting for io.appium.java_client.pagefactory.AppiumElementLocator$WaitingFunction@76973a6 (tried for 1 second(s) with 500 milliseconds interval)
at org.openqa.selenium.support.ui.FluentWait.timeoutException(FluentWait.java:261)
at org.openqa.selenium.support.ui.FluentWait.until(FluentWait.java:229)
at io.appium.java_client.pagefactory.AppiumElementLocator.waitFor(AppiumElementLocator.java:135)
at io.appium.java_client.pagefactory.AppiumElementLocator.findElement(AppiumElementLocator.java:160)
... 36 more
Caused by: org.openqa.selenium.NoSuchElementException: An element could not be located on the page using the given search parameters.
For documentation on this error, please visit: https://www.selenium.dev/documentation/webdriver/troubleshooting/errors#no-such-element-exception
Build info: version: '4.16.1', revision: '9b4c83354e'
System info: os.name: 'Windows 10', os.arch: 'amd64', os.version: '10.0', java.version: '19.0.1'
Driver info: io.appium.java_client.android.AndroidDriver
Command: [897d939f-774a-460c-85c0-f94afaf6b520, findElement {using=xpath, value=//android.widget.FrameLayout[@resource-id="android:id/content"]/android.widget.FrameLayout/android.widget.FrameLayout/android.view.View/android.view.View/android.view.View/android.view.View/android.view.View[2]/android.widget.EditText[1]}]
Capabilities {appium:appActivity: com.tvs_pgm.tvs.MainActivity, appium:appPackage: com.tvs.tvs_pgm_dev, appium:automationName: UIAutomator2, appium:databaseEnabled: false, appium:desired: {appActivity: com.tvs_pgm.tvs.MainActivity, appPackage: com.tvs.tvs_pgm_dev, automationName: UIAutomator2, deviceName: 9cc57a85, dontStopAppOnReset: true, noReset: true, platformName: ANDROID}, appium:deviceApiLevel: 30, appium:deviceManufacturer: OnePlus, appium:deviceModel: ONEPLUS A6010, appium:deviceName: 9cc57a85, appium:deviceScreenDensity: 450, appium:deviceScreenSize: 1080x2340, appium:deviceUDID: 9cc57a85, appium:dontStopAppOnReset: true, appium:javascriptEnabled: true, appium:locationContextEnabled: false, appium:networkConnectionEnabled: true, appium:noReset: true, appium:pixelRatio: 2.8125, appium:platformVersion: 11, appium:statBarHeight: 80, appium:takesScreenshot: true, appium:viewportRect: {height: 2045, left: 0, top: 80, width: 1080}, appium:warnings: {}, appium:webStorageEnabled: false, platformName: ANDROID}
Session ID: 897d939f-774a-460c-85c0-f94afaf6b520
at java.base/jdk.internal.reflect.DirectConstructorHandleAccessor.newInstance(DirectConstructorHandleAccessor.java:67)
at java.base/java.lang.reflect.Constructor.newInstanceWithCaller(Constructor.java:500)
at java.base/java.lang.reflect.Constructor.newInstance(Constructor.java:484)
at org.openqa.selenium.remote.codec.w3c.W3CHttpResponseCodec.createException(W3CHttpResponseCodec.java:200)
at org.openqa.selenium.remote.codec.w3c.W3CHttpResponseCodec.decode(W3CHttpResponseCodec.java:133)
at org.openqa.selenium.remote.codec.w3c.W3CHttpResponseCodec.decode(W3CHttpResponseCodec.java:52)
at org.openqa.selenium.remote.HttpCommandExecutor.execute(HttpCommandExecutor.java:191)
at io.appium.java_client.remote.AppiumCommandExecutor.execute(AppiumCommandExecutor.java:238)
at org.openqa.selenium.remote.RemoteWebDriver.execute(RemoteWebDriver.java:523)
at org.openqa.selenium.remote.ElementLocation$ElementFinder$2.findElement(ElementLocation.java:165)
at org.openqa.selenium.remote.ElementLocation.findElement(ElementLocation.java:59)
at org.openqa.selenium.remote.RemoteWebDriver.findElement(RemoteWebDriver.java:360)
at org.openqa.selenium.remote.RemoteWebDriver.findElement(RemoteWebDriver.java:354)
at io.appium.java_client.pagefactory.bys.ContentMappedBy.findElement(ContentMappedBy.java:53)
at org.openqa.selenium.remote.ElementLocation$ElementFinder$1.findElement(ElementLocation.java:139)
at org.openqa.selenium.remote.ElementLocation.findElement(ElementLocation.java:59)
at org.openqa.selenium.remote.RemoteWebDriver.findElement(RemoteWebDriver.java:360)
at org.openqa.selenium.remote.RemoteWebDriver.findElement(RemoteWebDriver.java:354)
at io.appium.java_client.pagefactory.AppiumElementLocator.lambda$findElement$1(AppiumElementLocator.java:160)
at io.appium.java_client.pagefactory.AppiumElementLocator$WaitingFunction.apply(AppiumElementLocator.java:217)
at io.appium.java_client.pagefactory.AppiumElementLocator$WaitingFunction.apply(AppiumElementLocator.java:210)
at org.openqa.selenium.support.ui.FluentWait.until(FluentWait.java:204)
... 38 more
]]>
            </full-stacktrace>
          </exception> <!-- org.openqa.selenium.NoSuchElementException -->
          <reporter-output>
          </reporter-output>
        </test-method> <!-- verifyQueryCreatedSuccessfully -->
        <test-method is-config="true" signature="captureResult(org.testng.ITestResult)[pri:0, instance:com.tvs.pgm.threew.mobile.tests.SupportTest@3ba9ad43]" started-at="2025-02-19T13:48:20 IST" name="captureResult" finished-at="2025-02-19T13:48:20 IST" duration-ms="621" status="PASS">
          <params>
            <param index="0">
              <value>
                <![CDATA[[TestResult name=verifyQueryCreatedSuccessfully status=FAILURE method=SupportTest.verifyQueryCreatedSuccessfully()[pri:20, instance:com.tvs.pgm.threew.mobile.tests.SupportTest@3ba9ad43] output={null}]]]>
              </value>
            </param>
          </params>
          <reporter-output>
          </reporter-output>
        </test-method> <!-- captureResult -->
      </class> <!-- com.tvs.pgm.threew.mobile.tests.SupportTest -->
      <class name="com.tvs.pgm.threew.mobile.tests.Q_SupportListingTest">
        <test-method is-config="true" signature="setup()[pri:0, instance:com.tvs.pgm.threew.mobile.tests.Q_SupportListingTest@be64738]" started-at="2025-02-19T13:48:09 IST" name="setup" finished-at="2025-02-19T13:48:10 IST" duration-ms="297" status="PASS">
          <reporter-output>
          </reporter-output>
        </test-method> <!-- setup -->
        <test-method signature="verifyCreateQueryButtonClicksON_SupportListingScreen()[pri:16, instance:com.tvs.pgm.threew.mobile.tests.Q_SupportListingTest@be64738]" started-at="2025-02-19T13:48:10 IST" name="verifyCreateQueryButtonClicksON_SupportListingScreen" finished-at="2025-02-19T13:48:11 IST" duration-ms="1374" status="PASS">
          <reporter-output>
          </reporter-output>
        </test-method> <!-- verifyCreateQueryButtonClicksON_SupportListingScreen -->
      </class> <!-- com.tvs.pgm.threew.mobile.tests.Q_SupportListingTest -->
      <class name="com.tvs.pgm.threew.mobile.tests.BaseTest">
        <test-method is-config="true" signature="setup()[pri:0, instance:com.tvs.pgm.threew.mobile.tests.BaseTest@149e0f5d]" started-at="2025-02-19T13:47:19 IST" name="setup" finished-at="2025-02-19T13:47:31 IST" duration-ms="12058" status="PASS">
          <reporter-output>
          </reporter-output>
        </test-method> <!-- setup -->
        <test-method is-config="true" signature="tearDown()[pri:0, instance:com.tvs.pgm.threew.mobile.tests.BaseTest@149e0f5d]" started-at="2025-02-19T13:48:21 IST" name="tearDown" finished-at="2025-02-19T13:48:23 IST" duration-ms="2479" status="PASS">
          <reporter-output>
          </reporter-output>
        </test-method> <!-- tearDown -->
      </class> <!-- com.tvs.pgm.threew.mobile.tests.BaseTest -->
      <class name="com.tvs.pgm.threew.mobile.tests.P_HomeTest">
        <test-method is-config="true" signature="setup()[pri:0, instance:com.tvs.pgm.threew.mobile.tests.P_HomeTest@6f96c77]" started-at="2025-02-19T13:47:55 IST" name="setup" finished-at="2025-02-19T13:47:56 IST" duration-ms="1217" status="PASS">
          <reporter-output>
          </reporter-output>
        </test-method> <!-- setup -->
        <test-method is-config="true" signature="startTest(java.lang.reflect.Method)[pri:0, instance:com.tvs.pgm.threew.mobile.tests.P_HomeTest@6f96c77]" started-at="2025-02-19T13:47:56 IST" name="startTest" finished-at="2025-02-19T13:47:56 IST" duration-ms="1" status="PASS">
          <params>
            <param index="0">
              <value>
                <![CDATA[public void com.tvs.pgm.threew.mobile.tests.P_HomeTest.settingIconpresent()]]>
              </value>
            </param>
          </params>
          <reporter-output>
          </reporter-output>
        </test-method> <!-- startTest -->
        <test-method signature="settingIconpresent()[pri:8, instance:com.tvs.pgm.threew.mobile.tests.P_HomeTest@6f96c77]" started-at="2025-02-19T13:47:56 IST" name="settingIconpresent" finished-at="2025-02-19T13:47:57 IST" duration-ms="736" status="PASS">
          <reporter-output>
          </reporter-output>
        </test-method> <!-- settingIconpresent -->
        <test-method is-config="true" signature="captureResult(org.testng.ITestResult)[pri:0, instance:com.tvs.pgm.threew.mobile.tests.P_HomeTest@6f96c77]" started-at="2025-02-19T13:47:57 IST" name="captureResult" finished-at="2025-02-19T13:47:57 IST" duration-ms="654" status="PASS">
          <params>
            <param index="0">
              <value>
                <![CDATA[[TestResult name=settingIconpresent status=SUCCESS method=P_HomeTest.settingIconpresent()[pri:8, instance:com.tvs.pgm.threew.mobile.tests.P_HomeTest@6f96c77] output={null}]]]>
              </value>
            </param>
          </params>
          <reporter-output>
          </reporter-output>
        </test-method> <!-- captureResult -->
        <test-method is-config="true" signature="startTest(java.lang.reflect.Method)[pri:0, instance:com.tvs.pgm.threew.mobile.tests.P_HomeTest@6f96c77]" started-at="2025-02-19T13:47:57 IST" name="startTest" finished-at="2025-02-19T13:47:57 IST" duration-ms="1" status="PASS">
          <params>
            <param index="0">
              <value>
                <![CDATA[public void com.tvs.pgm.threew.mobile.tests.P_HomeTest.profileIconePresent()]]>
              </value>
            </param>
          </params>
          <reporter-output>
          </reporter-output>
        </test-method> <!-- startTest -->
        <test-method signature="profileIconePresent()[pri:9, instance:com.tvs.pgm.threew.mobile.tests.P_HomeTest@6f96c77]" started-at="2025-02-19T13:47:57 IST" name="profileIconePresent" finished-at="2025-02-19T13:47:58 IST" duration-ms="391" status="PASS">
          <reporter-output>
          </reporter-output>
        </test-method> <!-- profileIconePresent -->
        <test-method is-config="true" signature="captureResult(org.testng.ITestResult)[pri:0, instance:com.tvs.pgm.threew.mobile.tests.P_HomeTest@6f96c77]" started-at="2025-02-19T13:47:58 IST" name="captureResult" finished-at="2025-02-19T13:47:58 IST" duration-ms="659" status="PASS">
          <params>
            <param index="0">
              <value>
                <![CDATA[[TestResult name=profileIconePresent status=SUCCESS method=P_HomeTest.profileIconePresent()[pri:9, instance:com.tvs.pgm.threew.mobile.tests.P_HomeTest@6f96c77] output={null}]]]>
              </value>
            </param>
          </params>
          <reporter-output>
          </reporter-output>
        </test-method> <!-- captureResult -->
        <test-method is-config="true" signature="startTest(java.lang.reflect.Method)[pri:0, instance:com.tvs.pgm.threew.mobile.tests.P_HomeTest@6f96c77]" started-at="2025-02-19T13:47:58 IST" name="startTest" finished-at="2025-02-19T13:47:58 IST" duration-ms="1" status="PASS">
          <params>
            <param index="0">
              <value>
                <![CDATA[public void com.tvs.pgm.threew.mobile.tests.P_HomeTest.verifyNeedAnyHelpTileVisible()]]>
              </value>
            </param>
          </params>
          <reporter-output>
          </reporter-output>
        </test-method> <!-- startTest -->
        <test-method signature="verifyNeedAnyHelpTileVisible()[pri:10, instance:com.tvs.pgm.threew.mobile.tests.P_HomeTest@6f96c77]" started-at="2025-02-19T13:47:58 IST" name="verifyNeedAnyHelpTileVisible" finished-at="2025-02-19T13:48:00 IST" duration-ms="2026" status="PASS">
          <reporter-output>
          </reporter-output>
        </test-method> <!-- verifyNeedAnyHelpTileVisible -->
        <test-method is-config="true" signature="captureResult(org.testng.ITestResult)[pri:0, instance:com.tvs.pgm.threew.mobile.tests.P_HomeTest@6f96c77]" started-at="2025-02-19T13:48:00 IST" name="captureResult" finished-at="2025-02-19T13:48:01 IST" duration-ms="717" status="PASS">
          <params>
            <param index="0">
              <value>
                <![CDATA[[TestResult name=verifyNeedAnyHelpTileVisible status=SUCCESS method=P_HomeTest.verifyNeedAnyHelpTileVisible()[pri:10, instance:com.tvs.pgm.threew.mobile.tests.P_HomeTest@6f96c77] output={null}]]]>
              </value>
            </param>
          </params>
          <reporter-output>
          </reporter-output>
        </test-method> <!-- captureResult -->
        <test-method is-config="true" signature="startTest(java.lang.reflect.Method)[pri:0, instance:com.tvs.pgm.threew.mobile.tests.P_HomeTest@6f96c77]" started-at="2025-02-19T13:48:01 IST" name="startTest" finished-at="2025-02-19T13:48:01 IST" duration-ms="1" status="PASS">
          <params>
            <param index="0">
              <value>
                <![CDATA[public void com.tvs.pgm.threew.mobile.tests.P_HomeTest.verifyFindDealerTileVisible()]]>
              </value>
            </param>
          </params>
          <reporter-output>
          </reporter-output>
        </test-method> <!-- startTest -->
        <test-method signature="verifyFindDealerTileVisible()[pri:11, instance:com.tvs.pgm.threew.mobile.tests.P_HomeTest@6f96c77]" started-at="2025-02-19T13:48:01 IST" name="verifyFindDealerTileVisible" finished-at="2025-02-19T13:48:01 IST" duration-ms="220" status="PASS">
          <reporter-output>
          </reporter-output>
        </test-method> <!-- verifyFindDealerTileVisible -->
        <test-method is-config="true" signature="captureResult(org.testng.ITestResult)[pri:0, instance:com.tvs.pgm.threew.mobile.tests.P_HomeTest@6f96c77]" started-at="2025-02-19T13:48:01 IST" name="captureResult" finished-at="2025-02-19T13:48:02 IST" duration-ms="732" status="PASS">
          <params>
            <param index="0">
              <value>
                <![CDATA[[TestResult name=verifyFindDealerTileVisible status=SUCCESS method=P_HomeTest.verifyFindDealerTileVisible()[pri:11, instance:com.tvs.pgm.threew.mobile.tests.P_HomeTest@6f96c77] output={null}]]]>
              </value>
            </param>
          </params>
          <reporter-output>
          </reporter-output>
        </test-method> <!-- captureResult -->
        <test-method is-config="true" signature="startTest(java.lang.reflect.Method)[pri:0, instance:com.tvs.pgm.threew.mobile.tests.P_HomeTest@6f96c77]" started-at="2025-02-19T13:48:02 IST" name="startTest" finished-at="2025-02-19T13:48:02 IST" duration-ms="1" status="PASS">
          <params>
            <param index="0">
              <value>
                <![CDATA[public void com.tvs.pgm.threew.mobile.tests.P_HomeTest.verifyVehicleServicesTileVisible()]]>
              </value>
            </param>
          </params>
          <reporter-output>
          </reporter-output>
        </test-method> <!-- startTest -->
        <test-method signature="verifyVehicleServicesTileVisible()[pri:12, instance:com.tvs.pgm.threew.mobile.tests.P_HomeTest@6f96c77]" started-at="2025-02-19T13:48:02 IST" name="verifyVehicleServicesTileVisible" finished-at="2025-02-19T13:48:02 IST" duration-ms="311" status="PASS">
          <reporter-output>
          </reporter-output>
        </test-method> <!-- verifyVehicleServicesTileVisible -->
        <test-method is-config="true" signature="captureResult(org.testng.ITestResult)[pri:0, instance:com.tvs.pgm.threew.mobile.tests.P_HomeTest@6f96c77]" started-at="2025-02-19T13:48:02 IST" name="captureResult" finished-at="2025-02-19T13:48:03 IST" duration-ms="789" status="PASS">
          <params>
            <param index="0">
              <value>
                <![CDATA[[TestResult name=verifyVehicleServicesTileVisible status=SUCCESS method=P_HomeTest.verifyVehicleServicesTileVisible()[pri:12, instance:com.tvs.pgm.threew.mobile.tests.P_HomeTest@6f96c77] output={null}]]]>
              </value>
            </param>
          </params>
          <reporter-output>
          </reporter-output>
        </test-method> <!-- captureResult -->
        <test-method is-config="true" signature="startTest(java.lang.reflect.Method)[pri:0, instance:com.tvs.pgm.threew.mobile.tests.P_HomeTest@6f96c77]" started-at="2025-02-19T13:48:03 IST" name="startTest" finished-at="2025-02-19T13:48:03 IST" duration-ms="1" status="PASS">
          <params>
            <param index="0">
              <value>
                <![CDATA[public void com.tvs.pgm.threew.mobile.tests.P_HomeTest.verifyTrainingTileVisible()]]>
              </value>
            </param>
          </params>
          <reporter-output>
          </reporter-output>
        </test-method> <!-- startTest -->
        <test-method signature="verifyTrainingTileVisible()[pri:13, instance:com.tvs.pgm.threew.mobile.tests.P_HomeTest@6f96c77]" started-at="2025-02-19T13:48:03 IST" name="verifyTrainingTileVisible" finished-at="2025-02-19T13:48:04 IST" duration-ms="1011" status="PASS">
          <reporter-output>
          </reporter-output>
        </test-method> <!-- verifyTrainingTileVisible -->
        <test-method is-config="true" signature="captureResult(org.testng.ITestResult)[pri:0, instance:com.tvs.pgm.threew.mobile.tests.P_HomeTest@6f96c77]" started-at="2025-02-19T13:48:04 IST" name="captureResult" finished-at="2025-02-19T13:48:05 IST" duration-ms="696" status="PASS">
          <params>
            <param index="0">
              <value>
                <![CDATA[[TestResult name=verifyTrainingTileVisible status=SUCCESS method=P_HomeTest.verifyTrainingTileVisible()[pri:13, instance:com.tvs.pgm.threew.mobile.tests.P_HomeTest@6f96c77] output={null}]]]>
              </value>
            </param>
          </params>
          <reporter-output>
          </reporter-output>
        </test-method> <!-- captureResult -->
        <test-method is-config="true" signature="startTest(java.lang.reflect.Method)[pri:0, instance:com.tvs.pgm.threew.mobile.tests.P_HomeTest@6f96c77]" started-at="2025-02-19T13:48:05 IST" name="startTest" finished-at="2025-02-19T13:48:05 IST" duration-ms="1" status="PASS">
          <params>
            <param index="0">
              <value>
                <![CDATA[public void com.tvs.pgm.threew.mobile.tests.P_HomeTest.verifyReferralTileVisible()]]>
              </value>
            </param>
          </params>
          <reporter-output>
          </reporter-output>
        </test-method> <!-- startTest -->
        <test-method signature="verifyReferralTileVisible()[pri:14, instance:com.tvs.pgm.threew.mobile.tests.P_HomeTest@6f96c77]" started-at="2025-02-19T13:48:05 IST" name="verifyReferralTileVisible" finished-at="2025-02-19T13:48:06 IST" duration-ms="709" status="PASS">
          <reporter-output>
          </reporter-output>
        </test-method> <!-- verifyReferralTileVisible -->
        <test-method is-config="true" signature="captureResult(org.testng.ITestResult)[pri:0, instance:com.tvs.pgm.threew.mobile.tests.P_HomeTest@6f96c77]" started-at="2025-02-19T13:48:06 IST" name="captureResult" finished-at="2025-02-19T13:48:06 IST" duration-ms="771" status="PASS">
          <params>
            <param index="0">
              <value>
                <![CDATA[[TestResult name=verifyReferralTileVisible status=SUCCESS method=P_HomeTest.verifyReferralTileVisible()[pri:14, instance:com.tvs.pgm.threew.mobile.tests.P_HomeTest@6f96c77] output={null}]]]>
              </value>
            </param>
          </params>
          <reporter-output>
          </reporter-output>
        </test-method> <!-- captureResult -->
        <test-method signature="verifyHelpButtonClickable()[pri:15, instance:com.tvs.pgm.threew.mobile.tests.P_HomeTest@6f96c77]" started-at="2025-02-19T13:48:06 IST" name="verifyHelpButtonClickable" finished-at="2025-02-19T13:48:09 IST" depends-on-methods="com.tvs.pgm.threew.mobile.tests.P_HomeTest.verifyNeedAnyHelpTileVisible" duration-ms="2313" status="PASS">
          <reporter-output>
          </reporter-output>
        </test-method> <!-- verifyHelpButtonClickable -->
        <test-method is-config="true" signature="startTest(java.lang.reflect.Method)[pri:0, instance:com.tvs.pgm.threew.mobile.tests.P_HomeTest@6f96c77]" started-at="2025-02-19T13:48:06 IST" name="startTest" finished-at="2025-02-19T13:48:06 IST" duration-ms="0" status="PASS">
          <params>
            <param index="0">
              <value>
                <![CDATA[public void com.tvs.pgm.threew.mobile.tests.P_HomeTest.verifyHelpButtonClickable() throws java.lang.InterruptedException]]>
              </value>
            </param>
          </params>
          <reporter-output>
          </reporter-output>
        </test-method> <!-- startTest -->
        <test-method is-config="true" signature="captureResult(org.testng.ITestResult)[pri:0, instance:com.tvs.pgm.threew.mobile.tests.P_HomeTest@6f96c77]" started-at="2025-02-19T13:48:09 IST" name="captureResult" finished-at="2025-02-19T13:48:09 IST" duration-ms="602" status="PASS">
          <params>
            <param index="0">
              <value>
                <![CDATA[[TestResult name=verifyHelpButtonClickable status=SUCCESS method=P_HomeTest.verifyHelpButtonClickable()[pri:15, instance:com.tvs.pgm.threew.mobile.tests.P_HomeTest@6f96c77] output={null}]]]>
              </value>
            </param>
          </params>
          <reporter-output>
          </reporter-output>
        </test-method> <!-- captureResult -->
      </class> <!-- com.tvs.pgm.threew.mobile.tests.P_HomeTest -->
    </test> <!-- Surefire test -->
  </suite> <!-- Surefire suite -->
</testng-results>
