<?xml version="1.0" encoding="UTF-8"?>
<testsuite xmlns:xsi="http://www.w3.org/2001/XMLSchema-instance" xsi:noNamespaceSchemaLocation="https://maven.apache.org/surefire/maven-surefire-plugin/xsd/surefire-test-report-3.0.xsd" version="3.0" name="TestSuite" time="13.797" tests="3" errors="0" skipped="0" failures="0">
  <properties>
[...]
</properties>
  <testcase name="testTextField" classname="com.tvs.pgm.threew.mobile.tests.LoginTest" time="0.472">
    <system-err><![CDATA[SLF4J: No SLF4J providers were found.
SLF4J: Defaulting to no-operation (NOP) logger implementation
SLF4J: See https://www.slf4j.org/codes.html#noProviders for further details.
]]></system-err>
  </testcase>
  <testcase name="enterMob" classname="com.tvs.pgm.threew.mobile.tests.LoginTest" time="1.567"/>
  <testcase name="clickVerifyNumberButton" classname="com.tvs.pgm.threew.mobile.tests.LoginTest" time="3.071">
    <system-out><![CDATA[true
]]></system-out>
  </testcase>
</testsuite>