<?xml version="1.0" encoding="UTF-8"?>
<!-- Generated by org.testng.reporters.JUnitReportReporter -->
<testsuite hostname="DESKTOP-QMS5772" failures="0" tests="3" name="com.tvs.pgm.threew.mobile.tests.OTPTest" time="11.678" errors="0" timestamp="2025-02-25T14:52:58 IST" skipped="0">
  <testcase classname="com.tvs.pgm.threew.mobile.tests.OTPTest" name="VerifyWithlessThanFiveDigit" time="5.640"/>
  <testcase classname="com.tvs.pgm.threew.mobile.tests.OTPTest" name="verifyOTPEnteredSuccess" time="2.914"/>
  <testcase classname="com.tvs.pgm.threew.mobile.tests.OTPTest" name="VerifyOTPSubmitSuccess" time="3.124"/>
</testsuite> <!-- com.tvs.pgm.threew.mobile.tests.OTPTest -->
